<?xml version="1.0" encoding="UTF-8"?>
<!-- Generated by org.testng.reporters.JUnitReportReporter -->
<testsuite skipped="0" hostname="DESKTOP-4MLC4R0" name="com.qa.tests.DemoSample" tests="4" failures="0" timestamp="2022-05-07T22:09:23 IST" time="0.005" errors="0">
  <testcase name="mul" time="0.001" classname="com.qa.tests.DemoSample"/>
  <system-out/>
  <testcase name="sum" time="0.000" classname="com.qa.tests.DemoSample"/>
  <system-out/>
  <testcase name="div" time="0.001" classname="com.qa.tests.DemoSample"/>
  <system-out/>
  <testcase name="sub" time="0.003" classname="com.qa.tests.DemoSample"/>
  <system-out/>
</testsuite> <!-- com.qa.tests.DemoSample -->
